<?xml version="1.0" encoding="UTF-8"?>
<testng-results ignored="0" total="0" passed="0" failed="0" skipped="0">
  <reporter-output>
  </reporter-output>
  <suite started-at="2022-02-03T15:41:19 SGT" name="Default suite" finished-at="2022-02-03T15:41:19 SGT" duration-ms="18">
    <groups>
    </groups>
    <test started-at="2022-02-03T15:41:19 SGT" name="Default test" finished-at="2022-02-03T15:41:19 SGT" duration-ms="18">
    </test> <!-- Default test -->
  </suite> <!-- Default suite -->
</testng-results>
